<?xml version="1.0" encoding="utf-8"?><testsuites name="pytest tests"><testsuite name="pytest" errors="0" failures="0" skipped="0" tests="15" time="5.264" timestamp="2026-04-26T17:55:35.247138+00:00" hostname="agent-env-6b727873-b8fe-40ee-8651-6530bfa6af37"><testcase classname="backend.tests.test_vaanix_api.TestAuthOTP" name="test_root" time="0.224" /><testcase classname="backend.tests.test_vaanix_api.TestAuthOTP" name="test_request_otp_new_user_returns_dev_otp" time="0.390" /><testcase classname="backend.tests.test_vaanix_api.TestAuthOTP" name="test_request_otp_new_user_without_display_name_returns_400" time="0.118" /><testcase classname="backend.tests.test_vaanix_api.TestAuthOTP" name="test_request_otp_cooldown_429" time="0.432" /><testcase classname="backend.tests.test_vaanix_api.TestAuthOTP" name="test_verify_otp_success_and_me" time="0.614" /><testcase classname="backend.tests.test_vaanix_api.TestAuthOTP" name="test_verify_otp_wrong_code_attempts_left_then_invalidated" time="1.075" /><testcase classname="backend.tests.test_vaanix_api.TestAuthOTP" name="test_me_unauthenticated" time="0.110" /><testcase classname="backend.tests.test_vaanix_api.TestAuthOTP" name="test_legacy_endpoints_removed_404[/auth/login-payload0]" time="0.110" /><testcase classname="backend.tests.test_vaanix_api.TestAuthOTP" name="test_legacy_endpoints_removed_404[/auth/register-payload1]" time="0.102" /><testcase classname="backend.tests.test_vaanix_api.TestAuthOTP" name="test_legacy_endpoints_removed_404[/auth/forgot-password-payload2]" time="0.112" /><testcase classname="backend.tests.test_vaanix_api.TestAuthOTP" name="test_legacy_endpoints_removed_404[/auth/reset-password-payload3]" time="0.114" /><testcase classname="backend.tests.test_vaanix_api.TestAuthOTP" name="test_seeded_users_cleaned_up" time="0.374" /><testcase classname="backend.tests.test_vaanix_api.TestChatFlow" name="test_create_direct_conversation" time="0.948" /><testcase classname="backend.tests.test_vaanix_api.TestChatFlow" name="test_send_and_list_messages" time="0.366" /><testcase classname="backend.tests.test_vaanix_api.TestChatFlow" name="test_users_listing_excludes_self" time="0.131" /></testsuite></testsuites>