<?xml version="1.0" encoding="utf-8"?><testsuites name="pytest tests"><testsuite name="pytest" errors="0" failures="0" skipped="0" tests="35" time="10.832" timestamp="2026-04-27T04:30:55.628178+00:00" hostname="agent-env-74224653-7396-44b6-88a6-2c72c5622cbe"><testcase classname="backend.tests.test_vaanix_api.TestAuthOTP" name="test_root" time="0.125" /><testcase classname="backend.tests.test_vaanix_api.TestAuthOTP" name="test_request_otp_new_user_returns_dev_otp" time="0.114" /><testcase classname="backend.tests.test_vaanix_api.TestAuthOTP" name="test_request_otp_new_user_without_display_name_returns_400" time="0.124" /><testcase classname="backend.tests.test_vaanix_api.TestAuthOTP" name="test_request_otp_cooldown_429" time="0.360" /><testcase classname="backend.tests.test_vaanix_api.TestAuthOTP" name="test_verify_otp_success_and_me" time="0.330" /><testcase classname="backend.tests.test_vaanix_api.TestAuthOTP" name="test_verify_otp_wrong_code_attempts_left_then_invalidated" time="0.742" /><testcase classname="backend.tests.test_vaanix_api.TestAuthOTP" name="test_me_unauthenticated" time="0.111" /><testcase classname="backend.tests.test_vaanix_api.TestAuthOTP" name="test_legacy_endpoints_removed_404[/auth/login-payload0]" time="0.103" /><testcase classname="backend.tests.test_vaanix_api.TestAuthOTP" name="test_legacy_endpoints_removed_404[/auth/register-payload1]" time="0.102" /><testcase classname="backend.tests.test_vaanix_api.TestAuthOTP" name="test_legacy_endpoints_removed_404[/auth/forgot-password-payload2]" time="0.124" /><testcase classname="backend.tests.test_vaanix_api.TestAuthOTP" name="test_legacy_endpoints_removed_404[/auth/reset-password-payload3]" time="0.114" /><testcase classname="backend.tests.test_vaanix_api.TestAuthOTP" name="test_seeded_users_cleaned_up" time="0.316" /><testcase classname="backend.tests.test_vaanix_api.TestChatFlow" name="test_create_direct_conversation" time="0.542" /><testcase classname="backend.tests.test_vaanix_api.TestChatFlow" name="test_send_and_list_messages" time="0.358" /><testcase classname="backend.tests.test_vaanix_api.TestChatFlow" name="test_users_listing_excludes_self" time="0.107" /><testcase classname="backend.tests.test_vaanix_extended.TestAuthRefresh" name="test_refresh_returns_new_access_token" time="0.310" /><testcase classname="backend.tests.test_vaanix_extended.TestAuthRefresh" name="test_refresh_with_invalid_token" time="0.114" /><testcase classname="backend.tests.test_vaanix_extended.TestUsers" name="test_profile_update" time="0.202" /><testcase classname="backend.tests.test_vaanix_extended.TestUsers" name="test_user_search_with_q" time="0.331" /><testcase classname="backend.tests.test_vaanix_extended.TestUsers" name="test_block_unblock_and_blocked_list" time="0.794" /><testcase classname="backend.tests.test_vaanix_extended.TestConversations" name="test_create_group_returns_admin" time="0.179" /><testcase classname="backend.tests.test_vaanix_extended.TestConversations" name="test_group_without_name_400" time="0.095" /><testcase classname="backend.tests.test_vaanix_extended.TestConversations" name="test_list_and_get_conversation" time="0.240" /><testcase classname="backend.tests.test_vaanix_extended.TestConversations" name="test_mute_unmute" time="0.433" /><testcase classname="backend.tests.test_vaanix_extended.TestConversations" name="test_participant_add_admin_only" time="0.235" /><testcase classname="backend.tests.test_vaanix_extended.TestConversations" name="test_participant_remove_admin_only" time="0.212" /><testcase classname="backend.tests.test_vaanix_extended.TestMessages" name="test_send_image_message" time="0.208" /><testcase classname="backend.tests.test_vaanix_extended.TestMessages" name="test_pagination_with_before_and_limit" time="0.762" /><testcase classname="backend.tests.test_vaanix_extended.TestMessages" name="test_read_receipt_updates_on_list" time="0.312" /><testcase classname="backend.tests.test_vaanix_extended.TestMessages" name="test_react_toggle_and_replace" time="0.423" /><testcase classname="backend.tests.test_vaanix_extended.TestMessages" name="test_star_unstar_and_starred_list" time="0.552" /><testcase classname="backend.tests.test_vaanix_extended.TestMessages" name="test_delete_for_me_and_for_all" time="0.920" /><testcase classname="backend.tests.test_vaanix_extended.TestMessages" name="test_search_messages" time="0.230" /><testcase classname="backend.tests.test_vaanix_extended.TestWebSocket" name="test_ws_connect_ping_pong_and_typing" time="0.407" /><testcase classname="backend.tests.test_vaanix_extended.TestWebSocket" name="test_ws_invalid_token_rejected" time="0.138" /></testsuite></testsuites>